########### array before sorts ###########
0	100.000000	0.000000	100.000000	80.000000	n
1	100.000000	80.000000	0.000000	80.000000	n
2	65.000000	56.500000	65.000000	0.000000	n
3	0.000000	0.000000	65.000000	0.000000	n
4	0.000000	0.000000	0.000000	56.500000	n
5	0.000000	56.500000	65.000000	56.500000	n
6	0.000000	0.000000	0.000000	80.000000	n
7	100.000000	0.000000	0.000000	0.000000	n
8	6.600000	3.500000	6.573479	3.904631	n
9	6.573479	3.904631	6.494370	4.302339	n
10	6.494370	4.302339	6.184679	5.050000	n
11	6.184679	5.050000	5.692031	5.692031	n
12	5.692031	5.692031	5.050000	6.184679	n
13	5.050000	6.184679	4.302339	6.494370	n
14	4.302339	6.494370	3.500000	6.600000	n
15	3.500000	6.600000	2.697661	6.494370	n
16	2.697661	6.494370	1.950000	6.184679	n
17	1.950000	6.184679	1.307969	5.692031	n
18	1.307969	5.692031	0.815321	5.050000	n
19	0.815321	5.050000	0.505630	4.302339	n
20	0.505630	4.302339	0.400000	3.500000	n
21	0.400000	3.500000	0.505630	2.697661	n
22	0.505630	2.697661	0.815321	1.950000	n
23	0.815321	1.950000	1.307969	1.307969	n
24	1.307969	1.307969	1.950000	0.815321	n
25	1.950000	0.815321	2.697661	0.505630	n
26	2.697661	0.505630	3.500000	0.400000	n
27	3.500000	0.400000	4.302339	0.505630	n
28	4.302339	0.505630	5.050000	0.815321	n
29	5.050000	0.815321	5.692031	1.307969	n
30	5.692031	1.307969	6.184679	1.950000	n
31	6.184679	1.950000	6.494370	2.697661	n
32	6.494370	2.697661	6.600000	3.500000	n
33	6.600000	52.500000	6.573479	52.904631	n
34	6.573479	52.904631	6.494370	53.302339	n
35	6.494370	53.302339	6.184679	54.050000	n
36	6.184679	54.050000	5.692031	54.692031	n
37	5.692031	54.692031	5.050000	55.184679	n
38	5.050000	55.184679	4.302339	55.494370	n
39	4.302339	55.494370	3.500000	55.600000	n
40	3.500000	55.600000	2.697661	55.494370	n
41	2.697661	55.494370	1.950000	55.184679	n
42	1.950000	55.184679	1.307969	54.692031	n
43	1.307969	54.692031	0.815321	54.050000	n
44	0.815321	54.050000	0.505630	53.302339	n
45	0.505630	53.302339	0.400000	52.500000	n
46	0.400000	52.500000	0.505630	51.697661	n
47	0.505630	51.697661	0.815321	50.950000	n
48	0.815321	50.950000	1.307969	50.307969	n
49	1.307969	50.307969	1.950000	49.815321	n
50	1.950000	49.815321	2.697661	49.505630	n
51	2.697661	49.505630	3.500000	49.400000	n
52	3.500000	49.400000	4.302339	49.505630	n
53	4.302339	49.505630	5.050000	49.815321	n
54	5.050000	49.815321	5.692031	50.307969	n
55	5.692031	50.307969	6.184679	50.950000	n
56	6.184679	50.950000	6.494370	51.697661	n
57	6.494370	51.697661	6.600000	52.500000	n
58	64.600000	3.500000	64.573479	3.904631	n
59	64.573479	3.904631	64.494370	4.302339	n
60	64.494370	4.302339	64.184679	5.050000	n
61	64.184679	5.050000	63.692031	5.692031	n
62	63.692031	5.692031	63.050000	6.184679	n
63	63.050000	6.184679	62.302339	6.494370	n
64	62.302339	6.494370	61.500000	6.600000	n
65	61.500000	6.600000	60.697661	6.494370	n
66	60.697661	6.494370	59.950000	6.184679	n
67	59.950000	6.184679	59.307969	5.692031	n
68	59.307969	5.692031	58.815321	5.050000	n
69	58.815321	5.050000	58.505630	4.302339	n
70	58.505630	4.302339	58.400000	3.500000	n
71	58.400000	3.500000	58.505630	2.697661	n
72	58.505630	2.697661	58.815321	1.950000	n
73	58.815321	1.950000	59.307969	1.307969	n
74	59.307969	1.307969	59.950000	0.815321	n
75	59.950000	0.815321	60.697661	0.505630	n
76	60.697661	0.505630	61.500000	0.400000	n
77	61.500000	0.400000	62.302339	0.505630	n
78	62.302339	0.505630	63.050000	0.815321	n
79	63.050000	0.815321	63.692031	1.307969	n
80	63.692031	1.307969	64.184679	1.950000	n
81	64.184679	1.950000	64.494370	2.697661	n
82	64.494370	2.697661	64.600000	3.500000	n
83	64.600000	52.500000	64.573479	52.904631	n
84	64.573479	52.904631	64.494370	53.302339	n
85	64.494370	53.302339	64.184679	54.050000	n
86	64.184679	54.050000	63.692031	54.692031	n
87	63.692031	54.692031	63.050000	55.184679	n
88	63.050000	55.184679	62.302339	55.494370	n
89	62.302339	55.494370	61.500000	55.600000	n
90	61.500000	55.600000	60.697661	55.494370	n
91	60.697661	55.494370	59.950000	55.184679	n
92	59.950000	55.184679	59.307969	54.692031	n
93	59.307969	54.692031	58.815321	54.050000	n
94	58.815321	54.050000	58.505630	53.302339	n
95	58.505630	53.302339	58.400000	52.500000	n
96	58.400000	52.500000	58.505630	51.697661	n
97	58.505630	51.697661	58.815321	50.950000	n
98	58.815321	50.950000	59.307969	50.307969	n
99	59.307969	50.307969	59.950000	49.815321	n
100	59.950000	49.815321	60.697661	49.505630	n
101	60.697661	49.505630	61.500000	49.400000	n
102	61.500000	49.400000	62.302339	49.505630	n
103	62.302339	49.505630	63.050000	49.815321	n
104	63.050000	49.815321	63.692031	50.307969	n
105	63.692031	50.307969	64.184679	50.950000	n
106	64.184679	50.950000	64.494370	51.697661	n
107	64.494370	51.697661	64.600000	52.500000	n
Tolerance=0.050000.
*Exact match for i=0 and j=1.
*i point 100.000000	0.000000	100.000000	80.000000	y
*Exact match for i=1 and j=6.
*i point 100.000000	80.000000	0.000000	80.000000	y
	*Before flip 	0.000000	0.000000	0.000000	80.000000	y
	*After flip 	0.000000	80.000000	0.000000	0.000000	y
*Exact match for i=2 and j=3.
*i point 0.000000	80.000000	0.000000	0.000000	y
*Exact match for i=3 and j=6.
*i point 0.000000	0.000000	65.000000	0.000000	y
	*Before flip 	65.000000	56.500000	65.000000	0.000000	y
	*After flip 	65.000000	0.000000	65.000000	56.500000	y
*Exact match for i=4 and j=5.
*i point 65.000000	0.000000	65.000000	56.500000	y
	*Before flip 	0.000000	56.500000	65.000000	56.500000	y
	*After flip 	65.000000	56.500000	0.000000	56.500000	y
*Exact match for i=5 and j=6.
*i point 65.000000	56.500000	0.000000	56.500000	y
	*Before flip 	0.000000	0.000000	0.000000	56.500000	y
	*After flip 	0.000000	56.500000	0.000000	0.000000	y
*Exact match for i=6 and j=7.
*i point 0.000000	56.500000	0.000000	0.000000	y
	*Before flip 	100.000000	0.000000	0.000000	0.000000	y
	*After flip 	0.000000	0.000000	100.000000	0.000000	y
*Exact match for i=8 and j=9.
*i point 6.600000	3.500000	6.573479	3.904631	y
*Exact match for i=9 and j=10.
*i point 6.573479	3.904631	6.494370	4.302339	y
*Exact match for i=10 and j=11.
*i point 6.494370	4.302339	6.184679	5.050000	y
*Exact match for i=11 and j=12.
*i point 6.184679	5.050000	5.692031	5.692031	y
*Exact match for i=12 and j=13.
*i point 5.692031	5.692031	5.050000	6.184679	y
*Exact match for i=13 and j=14.
*i point 5.050000	6.184679	4.302339	6.494370	y
*Exact match for i=14 and j=15.
*i point 4.302339	6.494370	3.500000	6.600000	y
*Exact match for i=15 and j=16.
*i point 3.500000	6.600000	2.697661	6.494370	y
*Exact match for i=16 and j=17.
*i point 2.697661	6.494370	1.950000	6.184679	y
*Exact match for i=17 and j=18.
*i point 1.950000	6.184679	1.307969	5.692031	y
*Exact match for i=18 and j=19.
*i point 1.307969	5.692031	0.815321	5.050000	y
*Exact match for i=19 and j=20.
*i point 0.815321	5.050000	0.505630	4.302339	y
*Exact match for i=20 and j=21.
*i point 0.505630	4.302339	0.400000	3.500000	y
*Exact match for i=21 and j=22.
*i point 0.400000	3.500000	0.505630	2.697661	y
*Exact match for i=22 and j=23.
*i point 0.505630	2.697661	0.815321	1.950000	y
*Exact match for i=23 and j=24.
*i point 0.815321	1.950000	1.307969	1.307969	y
*Exact match for i=24 and j=25.
*i point 1.307969	1.307969	1.950000	0.815321	y
*Exact match for i=25 and j=26.
*i point 1.950000	0.815321	2.697661	0.505630	y
*Exact match for i=26 and j=27.
*i point 2.697661	0.505630	3.500000	0.400000	y
*Exact match for i=27 and j=28.
*i point 3.500000	0.400000	4.302339	0.505630	y
*Exact match for i=28 and j=29.
*i point 4.302339	0.505630	5.050000	0.815321	y
*Exact match for i=29 and j=30.
*i point 5.050000	0.815321	5.692031	1.307969	y
*Exact match for i=30 and j=31.
*i point 5.692031	1.307969	6.184679	1.950000	y
*Exact match for i=31 and j=32.
*i point 6.184679	1.950000	6.494370	2.697661	y
*Exact match for i=33 and j=34.
*i point 6.600000	52.500000	6.573479	52.904631	y
*Exact match for i=34 and j=35.
*i point 6.573479	52.904631	6.494370	53.302339	y
*Exact match for i=35 and j=36.
*i point 6.494370	53.302339	6.184679	54.050000	y
*Exact match for i=36 and j=37.
*i point 6.184679	54.050000	5.692031	54.692031	y
*Exact match for i=37 and j=38.
*i point 5.692031	54.692031	5.050000	55.184679	y
*Exact match for i=38 and j=39.
*i point 5.050000	55.184679	4.302339	55.494370	y
*Exact match for i=39 and j=40.
*i point 4.302339	55.494370	3.500000	55.600000	y
*Exact match for i=40 and j=41.
*i point 3.500000	55.600000	2.697661	55.494370	y
*Exact match for i=41 and j=42.
*i point 2.697661	55.494370	1.950000	55.184679	y
*Exact match for i=42 and j=43.
*i point 1.950000	55.184679	1.307969	54.692031	y
*Exact match for i=43 and j=44.
*i point 1.307969	54.692031	0.815321	54.050000	y
*Exact match for i=44 and j=45.
*i point 0.815321	54.050000	0.505630	53.302339	y
*Exact match for i=45 and j=46.
*i point 0.505630	53.302339	0.400000	52.500000	y
*Exact match for i=46 and j=47.
*i point 0.400000	52.500000	0.505630	51.697661	y
*Exact match for i=47 and j=48.
*i point 0.505630	51.697661	0.815321	50.950000	y
*Exact match for i=48 and j=49.
*i point 0.815321	50.950000	1.307969	50.307969	y
*Exact match for i=49 and j=50.
*i point 1.307969	50.307969	1.950000	49.815321	y
*Exact match for i=50 and j=51.
*i point 1.950000	49.815321	2.697661	49.505630	y
*Exact match for i=51 and j=52.
*i point 2.697661	49.505630	3.500000	49.400000	y
*Exact match for i=52 and j=53.
*i point 3.500000	49.400000	4.302339	49.505630	y
*Exact match for i=53 and j=54.
*i point 4.302339	49.505630	5.050000	49.815321	y
*Exact match for i=54 and j=55.
*i point 5.050000	49.815321	5.692031	50.307969	y
*Exact match for i=55 and j=56.
*i point 5.692031	50.307969	6.184679	50.950000	y
*Exact match for i=56 and j=57.
*i point 6.184679	50.950000	6.494370	51.697661	y
*Exact match for i=58 and j=59.
*i point 64.600000	3.500000	64.573479	3.904631	y
*Exact match for i=59 and j=60.
*i point 64.573479	3.904631	64.494370	4.302339	y
*Exact match for i=60 and j=61.
*i point 64.494370	4.302339	64.184679	5.050000	y
*Exact match for i=61 and j=62.
*i point 64.184679	5.050000	63.692031	5.692031	y
*Exact match for i=62 and j=63.
*i point 63.692031	5.692031	63.050000	6.184679	y
*Exact match for i=63 and j=64.
*i point 63.050000	6.184679	62.302339	6.494370	y
*Exact match for i=64 and j=65.
*i point 62.302339	6.494370	61.500000	6.600000	y
*Exact match for i=65 and j=66.
*i point 61.500000	6.600000	60.697661	6.494370	y
*Exact match for i=66 and j=67.
*i point 60.697661	6.494370	59.950000	6.184679	y
*Exact match for i=67 and j=68.
*i point 59.950000	6.184679	59.307969	5.692031	y
*Exact match for i=68 and j=69.
*i point 59.307969	5.692031	58.815321	5.050000	y
*Exact match for i=69 and j=70.
*i point 58.815321	5.050000	58.505630	4.302339	y
*Exact match for i=70 and j=71.
*i point 58.505630	4.302339	58.400000	3.500000	y
*Exact match for i=71 and j=72.
*i point 58.400000	3.500000	58.505630	2.697661	y
*Exact match for i=72 and j=73.
*i point 58.505630	2.697661	58.815321	1.950000	y
*Exact match for i=73 and j=74.
*i point 58.815321	1.950000	59.307969	1.307969	y
*Exact match for i=74 and j=75.
*i point 59.307969	1.307969	59.950000	0.815321	y
*Exact match for i=75 and j=76.
*i point 59.950000	0.815321	60.697661	0.505630	y
*Exact match for i=76 and j=77.
*i point 60.697661	0.505630	61.500000	0.400000	y
*Exact match for i=77 and j=78.
*i point 61.500000	0.400000	62.302339	0.505630	y
*Exact match for i=78 and j=79.
*i point 62.302339	0.505630	63.050000	0.815321	y
*Exact match for i=79 and j=80.
*i point 63.050000	0.815321	63.692031	1.307969	y
*Exact match for i=80 and j=81.
*i point 63.692031	1.307969	64.184679	1.950000	y
*Exact match for i=81 and j=82.
*i point 64.184679	1.950000	64.494370	2.697661	y
*Exact match for i=83 and j=84.
*i point 64.600000	52.500000	64.573479	52.904631	y
*Exact match for i=84 and j=85.
*i point 64.573479	52.904631	64.494370	53.302339	y
*Exact match for i=85 and j=86.
*i point 64.494370	53.302339	64.184679	54.050000	y
*Exact match for i=86 and j=87.
*i point 64.184679	54.050000	63.692031	54.692031	y
*Exact match for i=87 and j=88.
*i point 63.692031	54.692031	63.050000	55.184679	y
*Exact match for i=88 and j=89.
*i point 63.050000	55.184679	62.302339	55.494370	y
*Exact match for i=89 and j=90.
*i point 62.302339	55.494370	61.500000	55.600000	y
*Exact match for i=90 and j=91.
*i point 61.500000	55.600000	60.697661	55.494370	y
*Exact match for i=91 and j=92.
*i point 60.697661	55.494370	59.950000	55.184679	y
*Exact match for i=92 and j=93.
*i point 59.950000	55.184679	59.307969	54.692031	y
*Exact match for i=93 and j=94.
*i point 59.307969	54.692031	58.815321	54.050000	y
*Exact match for i=94 and j=95.
*i point 58.815321	54.050000	58.505630	53.302339	y
*Exact match for i=95 and j=96.
*i point 58.505630	53.302339	58.400000	52.500000	y
*Exact match for i=96 and j=97.
*i point 58.400000	52.500000	58.505630	51.697661	y
*Exact match for i=97 and j=98.
*i point 58.505630	51.697661	58.815321	50.950000	y
*Exact match for i=98 and j=99.
*i point 58.815321	50.950000	59.307969	50.307969	y
*Exact match for i=99 and j=100.
*i point 59.307969	50.307969	59.950000	49.815321	y
*Exact match for i=100 and j=101.
*i point 59.950000	49.815321	60.697661	49.505630	y
*Exact match for i=101 and j=102.
*i point 60.697661	49.505630	61.500000	49.400000	y
*Exact match for i=102 and j=103.
*i point 61.500000	49.400000	62.302339	49.505630	y
*Exact match for i=103 and j=104.
*i point 62.302339	49.505630	63.050000	49.815321	y
*Exact match for i=104 and j=105.
*i point 63.050000	49.815321	63.692031	50.307969	y
*Exact match for i=105 and j=106.
*i point 63.692031	50.307969	64.184679	50.950000	y
*Exact match for i=106 and j=107.
*i point 64.184679	50.950000	64.494370	51.697661	y
########### array after sorts ###########
0	100.000000	0.000000	100.000000	80.000000	y
1	100.000000	80.000000	0.000000	80.000000	y
2	0.000000	80.000000	0.000000	0.000000	y
3	0.000000	0.000000	65.000000	0.000000	y
4	65.000000	0.000000	65.000000	56.500000	y
5	65.000000	56.500000	0.000000	56.500000	y
6	0.000000	56.500000	0.000000	0.000000	y
7	0.000000	0.000000	100.000000	0.000000	y
8	6.600000	3.500000	6.573479	3.904631	y
9	6.573479	3.904631	6.494370	4.302339	y
10	6.494370	4.302339	6.184679	5.050000	y
11	6.184679	5.050000	5.692031	5.692031	y
12	5.692031	5.692031	5.050000	6.184679	y
13	5.050000	6.184679	4.302339	6.494370	y
14	4.302339	6.494370	3.500000	6.600000	y
15	3.500000	6.600000	2.697661	6.494370	y
16	2.697661	6.494370	1.950000	6.184679	y
17	1.950000	6.184679	1.307969	5.692031	y
18	1.307969	5.692031	0.815321	5.050000	y
19	0.815321	5.050000	0.505630	4.302339	y
20	0.505630	4.302339	0.400000	3.500000	y
21	0.400000	3.500000	0.505630	2.697661	y
22	0.505630	2.697661	0.815321	1.950000	y
23	0.815321	1.950000	1.307969	1.307969	y
24	1.307969	1.307969	1.950000	0.815321	y
25	1.950000	0.815321	2.697661	0.505630	y
26	2.697661	0.505630	3.500000	0.400000	y
27	3.500000	0.400000	4.302339	0.505630	y
28	4.302339	0.505630	5.050000	0.815321	y
29	5.050000	0.815321	5.692031	1.307969	y
30	5.692031	1.307969	6.184679	1.950000	y
31	6.184679	1.950000	6.494370	2.697661	y
32	6.494370	2.697661	6.600000	3.500000	y
33	6.600000	52.500000	6.573479	52.904631	y
34	6.573479	52.904631	6.494370	53.302339	y
35	6.494370	53.302339	6.184679	54.050000	y
36	6.184679	54.050000	5.692031	54.692031	y
37	5.692031	54.692031	5.050000	55.184679	y
38	5.050000	55.184679	4.302339	55.494370	y
39	4.302339	55.494370	3.500000	55.600000	y
40	3.500000	55.600000	2.697661	55.494370	y
41	2.697661	55.494370	1.950000	55.184679	y
42	1.950000	55.184679	1.307969	54.692031	y
43	1.307969	54.692031	0.815321	54.050000	y
44	0.815321	54.050000	0.505630	53.302339	y
45	0.505630	53.302339	0.400000	52.500000	y
46	0.400000	52.500000	0.505630	51.697661	y
47	0.505630	51.697661	0.815321	50.950000	y
48	0.815321	50.950000	1.307969	50.307969	y
49	1.307969	50.307969	1.950000	49.815321	y
50	1.950000	49.815321	2.697661	49.505630	y
51	2.697661	49.505630	3.500000	49.400000	y
52	3.500000	49.400000	4.302339	49.505630	y
53	4.302339	49.505630	5.050000	49.815321	y
54	5.050000	49.815321	5.692031	50.307969	y
55	5.692031	50.307969	6.184679	50.950000	y
56	6.184679	50.950000	6.494370	51.697661	y
57	6.494370	51.697661	6.600000	52.500000	y
58	64.600000	3.500000	64.573479	3.904631	y
59	64.573479	3.904631	64.494370	4.302339	y
60	64.494370	4.302339	64.184679	5.050000	y
61	64.184679	5.050000	63.692031	5.692031	y
62	63.692031	5.692031	63.050000	6.184679	y
63	63.050000	6.184679	62.302339	6.494370	y
64	62.302339	6.494370	61.500000	6.600000	y
65	61.500000	6.600000	60.697661	6.494370	y
66	60.697661	6.494370	59.950000	6.184679	y
67	59.950000	6.184679	59.307969	5.692031	y
68	59.307969	5.692031	58.815321	5.050000	y
69	58.815321	5.050000	58.505630	4.302339	y
70	58.505630	4.302339	58.400000	3.500000	y
71	58.400000	3.500000	58.505630	2.697661	y
72	58.505630	2.697661	58.815321	1.950000	y
73	58.815321	1.950000	59.307969	1.307969	y
74	59.307969	1.307969	59.950000	0.815321	y
75	59.950000	0.815321	60.697661	0.505630	y
76	60.697661	0.505630	61.500000	0.400000	y
77	61.500000	0.400000	62.302339	0.505630	y
78	62.302339	0.505630	63.050000	0.815321	y
79	63.050000	0.815321	63.692031	1.307969	y
80	63.692031	1.307969	64.184679	1.950000	y
81	64.184679	1.950000	64.494370	2.697661	y
82	64.494370	2.697661	64.600000	3.500000	y
83	64.600000	52.500000	64.573479	52.904631	y
84	64.573479	52.904631	64.494370	53.302339	y
85	64.494370	53.302339	64.184679	54.050000	y
86	64.184679	54.050000	63.692031	54.692031	y
87	63.692031	54.692031	63.050000	55.184679	y
88	63.050000	55.184679	62.302339	55.494370	y
89	62.302339	55.494370	61.500000	55.600000	y
90	61.500000	55.600000	60.697661	55.494370	y
91	60.697661	55.494370	59.950000	55.184679	y
92	59.950000	55.184679	59.307969	54.692031	y
93	59.307969	54.692031	58.815321	54.050000	y
94	58.815321	54.050000	58.505630	53.302339	y
95	58.505630	53.302339	58.400000	52.500000	y
96	58.400000	52.500000	58.505630	51.697661	y
97	58.505630	51.697661	58.815321	50.950000	y
98	58.815321	50.950000	59.307969	50.307969	y
99	59.307969	50.307969	59.950000	49.815321	y
100	59.950000	49.815321	60.697661	49.505630	y
101	60.697661	49.505630	61.500000	49.400000	y
102	61.500000	49.400000	62.302339	49.505630	y
103	62.302339	49.505630	63.050000	49.815321	y
104	63.050000	49.815321	63.692031	50.307969	y
105	63.692031	50.307969	64.184679	50.950000	y
106	64.184679	50.950000	64.494370	51.697661	y
107	64.494370	51.697661	64.600000	52.500000	y
***************
.BOARD_OUTLINE UNOWNED
1.6
0     100.000000     0.000000     0
0     100.000000     80.000000     0
0     0.000000     80.000000     0
0     0.000000     0.000000     0
0     65.000000     0.000000     0
0     65.000000     56.500000     0
0     0.000000     56.500000     0
0     0.000000     0.000000     0
0     100.000000     0.000000     0
1     6.600000     3.500000     0
1     6.573479     3.904631     0
1     6.494370     4.302339     0
1     6.184679     5.050000     0
1     5.692031     5.692031     0
1     5.050000     6.184679     0
1     4.302339     6.494370     0
1     3.500000     6.600000     0
1     2.697661     6.494370     0
1     1.950000     6.184679     0
1     1.307969     5.692031     0
1     0.815321     5.050000     0
1     0.505630     4.302339     0
1     0.400000     3.500000     0
1     0.505630     2.697661     0
1     0.815321     1.950000     0
1     1.307969     1.307969     0
1     1.950000     0.815321     0
1     2.697661     0.505630     0
1     3.500000     0.400000     0
1     4.302339     0.505630     0
1     5.050000     0.815321     0
1     5.692031     1.307969     0
1     6.184679     1.950000     0
1     6.494370     2.697661     0
1     6.600000     3.500000     0
2     6.600000     52.500000     0
2     6.573479     52.904631     0
2     6.494370     53.302339     0
2     6.184679     54.050000     0
2     5.692031     54.692031     0
2     5.050000     55.184679     0
2     4.302339     55.494370     0
2     3.500000     55.600000     0
2     2.697661     55.494370     0
2     1.950000     55.184679     0
2     1.307969     54.692031     0
2     0.815321     54.050000     0
2     0.505630     53.302339     0
2     0.400000     52.500000     0
2     0.505630     51.697661     0
2     0.815321     50.950000     0
2     1.307969     50.307969     0
2     1.950000     49.815321     0
2     2.697661     49.505630     0
2     3.500000     49.400000     0
2     4.302339     49.505630     0
2     5.050000     49.815321     0
2     5.692031     50.307969     0
2     6.184679     50.950000     0
2     6.494370     51.697661     0
2     6.600000     52.500000     0
3     64.600000     3.500000     0
3     64.573479     3.904631     0
3     64.494370     4.302339     0
3     64.184679     5.050000     0
3     63.692031     5.692031     0
3     63.050000     6.184679     0
3     62.302339     6.494370     0
3     61.500000     6.600000     0
3     60.697661     6.494370     0
3     59.950000     6.184679     0
3     59.307969     5.692031     0
3     58.815321     5.050000     0
3     58.505630     4.302339     0
3     58.400000     3.500000     0
3     58.505630     2.697661     0
3     58.815321     1.950000     0
3     59.307969     1.307969     0
3     59.950000     0.815321     0
3     60.697661     0.505630     0
3     61.500000     0.400000     0
3     62.302339     0.505630     0
3     63.050000     0.815321     0
3     63.692031     1.307969     0
3     64.184679     1.950000     0
3     64.494370     2.697661     0
3     64.600000     3.500000     0
4     64.600000     52.500000     0
4     64.573479     52.904631     0
4     64.494370     53.302339     0
4     64.184679     54.050000     0
4     63.692031     54.692031     0
4     63.050000     55.184679     0
4     62.302339     55.494370     0
4     61.500000     55.600000     0
4     60.697661     55.494370     0
4     59.950000     55.184679     0
4     59.307969     54.692031     0
4     58.815321     54.050000     0
4     58.505630     53.302339     0
4     58.400000     52.500000     0
4     58.505630     51.697661     0
4     58.815321     50.950000     0
4     59.307969     50.307969     0
4     59.950000     49.815321     0
4     60.697661     49.505630     0
4     61.500000     49.400000     0
4     62.302339     49.505630     0
4     63.050000     49.815321     0
4     63.692031     50.307969     0
4     64.184679     50.950000     0
4     64.494370     51.697661     0
4     64.600000     52.500000     0
